<?xml version="1.0" encoding="UTF-8"?>
<testng-results skipped="0" failed="0" ignored="0" total="6" passed="6">
  <reporter-output>
  </reporter-output>
  <suite name="Surefire suite" duration-ms="36" started-at="2021-12-26T18:30:15 IST" finished-at="2021-12-26T18:30:15 IST">
    <groups>
    </groups>
    <test name="Surefire test" duration-ms="36" started-at="2021-12-26T18:30:15 IST" finished-at="2021-12-26T18:30:15 IST">
      <class name="qaclickacademy.AppiumTest">
        <test-method status="PASS" signature="IOSApps()[pri:0, instance:qaclickacademy.AppiumTest@4493d195]" name="IOSApps" duration-ms="3" started-at="2021-12-26T18:30:15 IST" finished-at="2021-12-26T18:30:15 IST">
          <reporter-output>
          </reporter-output>
        </test-method> <!-- IOSApps -->
        <test-method status="PASS" signature="NativeAPpAndroid()[pri:0, instance:qaclickacademy.AppiumTest@4493d195]" name="NativeAPpAndroid" duration-ms="0" started-at="2021-12-26T18:30:15 IST" finished-at="2021-12-26T18:30:15 IST">
          <reporter-output>
          </reporter-output>
        </test-method> <!-- NativeAPpAndroid -->
      </class> <!-- qaclickacademy.AppiumTest -->
      <class name="qaclickacademy.RESTAPITest">
        <test-method status="PASS" signature="deleteTwitter()[pri:0, instance:qaclickacademy.RESTAPITest@2bbf4b8b]" name="deleteTwitter" duration-ms="0" started-at="2021-12-26T18:30:15 IST" finished-at="2021-12-26T18:30:15 IST">
          <reporter-output>
          </reporter-output>
        </test-method> <!-- deleteTwitter -->
        <test-method status="PASS" signature="postJira()[pri:0, instance:qaclickacademy.RESTAPITest@2bbf4b8b]" name="postJira" duration-ms="0" started-at="2021-12-26T18:30:15 IST" finished-at="2021-12-26T18:30:15 IST">
          <reporter-output>
          </reporter-output>
        </test-method> <!-- postJira -->
      </class> <!-- qaclickacademy.RESTAPITest -->
      <class name="qaclickacademy.SeleniumTest">
        <test-method status="PASS" signature="BrowserAUtomation()[pri:0, instance:qaclickacademy.SeleniumTest@30a3107a]" name="BrowserAUtomation" duration-ms="0" started-at="2021-12-26T18:30:15 IST" finished-at="2021-12-26T18:30:15 IST">
          <reporter-output>
          </reporter-output>
        </test-method> <!-- BrowserAUtomation -->
        <test-method status="PASS" signature="elementsUi()[pri:0, instance:qaclickacademy.SeleniumTest@30a3107a]" name="elementsUi" duration-ms="0" started-at="2021-12-26T18:30:15 IST" finished-at="2021-12-26T18:30:15 IST">
          <reporter-output>
          </reporter-output>
        </test-method> <!-- elementsUi -->
      </class> <!-- qaclickacademy.SeleniumTest -->
    </test> <!-- Surefire test -->
  </suite> <!-- Surefire suite -->
</testng-results>
